# JRE version: Java(TM) SE Runtime Environment (8.0_91-b14) (build 1.8.0_91-b14)
# Java VM: Java HotSpot(TM) 64-Bit Server VM (25.91-b14 mixed mode windows-amd64 compressed oops)
Heap:
 PSYoungGen      total 75776K, used 37476K [0x000000076b800000, 0x0000000770c80000, 0x00000007c0000000)
  eden space 65024K, 42% used [0x000000076b800000,0x000000076d30c2f8,0x000000076f780000)
  from space 10752K, 90% used [0x0000000770200000,0x0000000770b8cec0,0x0000000770c80000)
  to   space 10752K, 0% used [0x000000076f780000,0x000000076f780000,0x0000000770200000)
 ParOldGen       total 173568K, used 40K [0x00000006c2800000, 0x00000006cd180000, 0x000000076b800000)
  object space 173568K, 0% used [0x00000006c2800000,0x00000006c280a000,0x00000006cd180000)
 Metaspace       used 13872K, capacity 14194K, committed 14592K, reserved 1062912K
  class space    used 1569K, capacity 1665K, committed 1792K, reserved 1048576K
GC Heap History (4 events):
Event: 132.662 GC heap before
{Heap before GC invocations=1 (full 0):
 PSYoungGen      total 75776K, used 65024K [0x000000076b800000, 0x0000000770c80000, 0x00000007c0000000)
  eden space 65024K, 100% used [0x000000076b800000,0x000000076f780000,0x000000076f780000)
  from space 10752K, 0% used [0x0000000770200000,0x0000000770200000,0x0000000770c80000)
  to   space 10752K, 0% used [0x000000076f780000,0x000000076f780000,0x0000000770200000)
 ParOldGen       total 173568K, used 0K [0x00000006c2800000, 0x00000006cd180000, 0x000000076b800000)
  object space 173568K, 0% used [0x00000006c2800000,0x00000006c2800000,0x00000006cd180000)
 Metaspace       used 13197K, capacity 13432K, committed 13696K, reserved 1060864K
  class space    used 1554K, capacity 1642K, committed 1664K, reserved 1048576K
Event: 132.670 GC heap after
Heap after GC invocations=1 (full 0):
 PSYoungGen      total 75776K, used 9499K [0x000000076b800000, 0x0000000770c80000, 0x00000007c0000000)
  eden space 65024K, 0% used [0x000000076b800000,0x000000076b800000,0x000000076f780000)
  from space 10752K, 88% used [0x000000076f780000,0x00000007700c6c30,0x0000000770200000)
  to   space 10752K, 0% used [0x0000000770200000,0x0000000770200000,0x0000000770c80000)
 ParOldGen       total 173568K, used 24K [0x00000006c2800000, 0x00000006cd180000, 0x000000076b800000)
  object space 173568K, 0% used [0x00000006c2800000,0x00000006c2806000,0x00000006cd180000)
 Metaspace       used 13197K, capacity 13432K, committed 13696K, reserved 1060864K
  class space    used 1554K, capacity 1642K, committed 1664K, reserved 1048576K
}
Event: 2367.681 GC heap before
{Heap before GC invocations=2 (full 0):
 PSYoungGen      total 75776K, used 74523K [0x000000076b800000, 0x0000000770c80000, 0x00000007c0000000)
  eden space 65024K, 100% used [0x000000076b800000,0x000000076f780000,0x000000076f780000)
  from space 10752K, 88% used [0x000000076f780000,0x00000007700c6c30,0x0000000770200000)
  to   space 10752K, 0% used [0x0000000770200000,0x0000000770200000,0x0000000770c80000)
 ParOldGen       total 173568K, used 24K [0x00000006c2800000, 0x00000006cd180000, 0x000000076b800000)
  object space 173568K, 0% used [0x00000006c2800000,0x00000006c2806000,0x00000006cd180000)
 Metaspace       used 13757K, capacity 14066K, committed 14336K, reserved 1062912K
  class space    used 1568K, capacity 1665K, committed 1792K, reserved 1048576K
Event: 2367.686 GC heap after
Heap after GC invocations=2 (full 0):
 PSYoungGen      total 75776K, used 9779K [0x000000076b800000, 0x0000000770c80000, 0x00000007c0000000)
  eden space 65024K, 0% used [0x000000076b800000,0x000000076b800000,0x000000076f780000)
  from space 10752K, 90% used [0x0000000770200000,0x0000000770b8cec0,0x0000000770c80000)
  to   space 10752K, 0% used [0x000000076f780000,0x000000076f780000,0x0000000770200000)
 ParOldGen       total 173568K, used 40K [0x00000006c2800000, 0x00000006cd180000, 0x000000076b800000)
  object space 173568K, 0% used [0x00000006c2800000,0x00000006c280a000,0x00000006cd180000)
 Metaspace       used 13757K, capacity 14066K, committed 14336K, reserved 1062912K
  class space    used 1568K, capacity 1665K, committed 1792K, reserved 1048576K
}

