# JRE version: Java(TM) SE Runtime Environment (8.0_91-b14) (build 1.8.0_91-b14)
# Java VM: Java HotSpot(TM) 64-Bit Server VM (25.91-b14 mixed mode windows-amd64 compressed oops)
Heap:
 PSYoungGen      total 75776K, used 44591K [0x000000076b800000, 0x0000000770c80000, 0x00000007c0000000)
  eden space 65024K, 53% used [0x000000076b800000,0x000000076da0a2d8,0x000000076f780000)
  from space 10752K, 90% used [0x000000076f780000,0x0000000770101a00,0x0000000770200000)
  to   space 10752K, 0% used [0x0000000770200000,0x0000000770200000,0x0000000770c80000)
 ParOldGen       total 173568K, used 48K [0x00000006c2800000, 0x00000006cd180000, 0x000000076b800000)
  object space 173568K, 0% used [0x00000006c2800000,0x00000006c280c000,0x00000006cd180000)
 Metaspace       used 14134K, capacity 14436K, committed 14848K, reserved 1062912K
  class space    used 1569K, capacity 1682K, committed 1792K, reserved 1048576K
GC Heap History (6 events):
Event: 7.011 GC heap before
{Heap before GC invocations=1 (full 0):
 PSYoungGen      total 75776K, used 65024K [0x000000076b800000, 0x0000000770c80000, 0x00000007c0000000)
  eden space 65024K, 100% used [0x000000076b800000,0x000000076f780000,0x000000076f780000)
  from space 10752K, 0% used [0x0000000770200000,0x0000000770200000,0x0000000770c80000)
  to   space 10752K, 0% used [0x000000076f780000,0x000000076f780000,0x0000000770200000)
 ParOldGen       total 173568K, used 0K [0x00000006c2800000, 0x00000006cd180000, 0x000000076b800000)
  object space 173568K, 0% used [0x00000006c2800000,0x00000006c2800000,0x00000006cd180000)
 Metaspace       used 13113K, capacity 13312K, committed 13696K, reserved 1060864K
  class space    used 1534K, capacity 1594K, committed 1664K, reserved 1048576K
Event: 7.019 GC heap after
Heap after GC invocations=1 (full 0):
 PSYoungGen      total 75776K, used 9579K [0x000000076b800000, 0x0000000770c80000, 0x00000007c0000000)
  eden space 65024K, 0% used [0x000000076b800000,0x000000076b800000,0x000000076f780000)
  from space 10752K, 89% used [0x000000076f780000,0x00000007700dad58,0x0000000770200000)
  to   space 10752K, 0% used [0x0000000770200000,0x0000000770200000,0x0000000770c80000)
 ParOldGen       total 173568K, used 24K [0x00000006c2800000, 0x00000006cd180000, 0x000000076b800000)
  object space 173568K, 0% used [0x00000006c2800000,0x00000006c2806000,0x00000006cd180000)
 Metaspace       used 13113K, capacity 13312K, committed 13696K, reserved 1060864K
  class space    used 1534K, capacity 1594K, committed 1664K, reserved 1048576K
}
Event: 1549.230 GC heap before
{Heap before GC invocations=2 (full 0):
 PSYoungGen      total 75776K, used 74603K [0x000000076b800000, 0x0000000770c80000, 0x00000007c0000000)
  eden space 65024K, 100% used [0x000000076b800000,0x000000076f780000,0x000000076f780000)
  from space 10752K, 89% used [0x000000076f780000,0x00000007700dad58,0x0000000770200000)
  to   space 10752K, 0% used [0x0000000770200000,0x0000000770200000,0x0000000770c80000)
 ParOldGen       total 173568K, used 24K [0x00000006c2800000, 0x00000006cd180000, 0x000000076b800000)
  object space 173568K, 0% used [0x00000006c2800000,0x00000006c2806000,0x00000006cd180000)
 Metaspace       used 13676K, capacity 13950K, committed 14336K, reserved 1062912K
  class space    used 1561K, capacity 1673K, committed 1792K, reserved 1048576K
Event: 1549.235 GC heap after
Heap after GC invocations=2 (full 0):
 PSYoungGen      total 75776K, used 7993K [0x000000076b800000, 0x0000000770c80000, 0x00000007c0000000)
  eden space 65024K, 0% used [0x000000076b800000,0x000000076b800000,0x000000076f780000)
  from space 10752K, 74% used [0x0000000770200000,0x00000007709ce530,0x0000000770c80000)
  to   space 10752K, 0% used [0x000000076f780000,0x000000076f780000,0x0000000770200000)
 ParOldGen       total 173568K, used 40K [0x00000006c2800000, 0x00000006cd180000, 0x000000076b800000)
  object space 173568K, 0% used [0x00000006c2800000,0x00000006c280a000,0x00000006cd180000)
 Metaspace       used 13676K, capacity 13950K, committed 14336K, reserved 1062912K
  class space    used 1561K, capacity 1673K, committed 1792K, reserved 1048576K
}
Event: 2076.047 GC heap before
{Heap before GC invocations=3 (full 0):
 PSYoungGen      total 75776K, used 73017K [0x000000076b800000, 0x0000000770c80000, 0x00000007c0000000)
  eden space 65024K, 100% used [0x000000076b800000,0x000000076f780000,0x000000076f780000)
  from space 10752K, 74% used [0x0000000770200000,0x00000007709ce530,0x0000000770c80000)
  to   space 10752K, 0% used [0x000000076f780000,0x000000076f780000,0x0000000770200000)
 ParOldGen       total 173568K, used 40K [0x00000006c2800000, 0x00000006cd180000, 0x000000076b800000)
  object space 173568K, 0% used [0x00000006c2800000,0x00000006c280a000,0x00000006cd180000)
 Metaspace       used 13953K, capacity 14230K, committed 14592K, reserved 1062912K
  class space    used 1565K, capacity 1677K, committed 1792K, reserved 1048576K
Event: 2076.052 GC heap after
Heap after GC invocations=3 (full 0):
 PSYoungGen      total 75776K, used 9734K [0x000000076b800000, 0x0000000770c80000, 0x00000007c0000000)
  eden space 65024K, 0% used [0x000000076b800000,0x000000076b800000,0x000000076f780000)
  from space 10752K, 90% used [0x000000076f780000,0x0000000770101a00,0x0000000770200000)
  to   space 10752K, 0% used [0x0000000770200000,0x0000000770200000,0x0000000770c80000)
 ParOldGen       total 173568K, used 48K [0x00000006c2800000, 0x00000006cd180000, 0x000000076b800000)
  object space 173568K, 0% used [0x00000006c2800000,0x00000006c280c000,0x00000006cd180000)
 Metaspace       used 13953K, capacity 14230K, committed 14592K, reserved 1062912K
  class space    used 1565K, capacity 1677K, committed 1792K, reserved 1048576K
}

