# JRE version: Java(TM) SE Runtime Environment (8.0_91-b14) (build 1.8.0_91-b14)
# Java VM: Java HotSpot(TM) 64-Bit Server VM (25.91-b14 mixed mode windows-amd64 compressed oops)
Heap:
 PSYoungGen      total 75776K, used 43238K [0x000000076b800000, 0x0000000770c80000, 0x00000007c0000000)
  eden space 65024K, 55% used [0x000000076b800000,0x000000076db6cf00,0x000000076f780000)
  from space 10752K, 64% used [0x0000000770200000,0x00000007708ccab0,0x0000000770c80000)
  to   space 10752K, 0% used [0x000000076f780000,0x000000076f780000,0x0000000770200000)
 ParOldGen       total 173568K, used 32K [0x00000006c2800000, 0x00000006cd180000, 0x000000076b800000)
  object space 173568K, 0% used [0x00000006c2800000,0x00000006c2808000,0x00000006cd180000)
 Metaspace       used 13307K, capacity 13530K, committed 13696K, reserved 1060864K
  class space    used 1517K, capacity 1585K, committed 1664K, reserved 1048576K
GC Heap History (4 events):
Event: 26.445 GC heap before
{Heap before GC invocations=1 (full 0):
 PSYoungGen      total 75776K, used 65024K [0x000000076b800000, 0x0000000770c80000, 0x00000007c0000000)
  eden space 65024K, 100% used [0x000000076b800000,0x000000076f780000,0x000000076f780000)
  from space 10752K, 0% used [0x0000000770200000,0x0000000770200000,0x0000000770c80000)
  to   space 10752K, 0% used [0x000000076f780000,0x000000076f780000,0x0000000770200000)
 ParOldGen       total 173568K, used 0K [0x00000006c2800000, 0x00000006cd180000, 0x000000076b800000)
  object space 173568K, 0% used [0x00000006c2800000,0x00000006c2800000,0x00000006cd180000)
 Metaspace       used 12748K, capacity 12984K, committed 13184K, reserved 1060864K
  class space    used 1500K, capacity 1578K, committed 1664K, reserved 1048576K
Event: 26.462 GC heap after
Heap after GC invocations=1 (full 0):
 PSYoungGen      total 75776K, used 8955K [0x000000076b800000, 0x0000000770c80000, 0x00000007c0000000)
  eden space 65024K, 0% used [0x000000076b800000,0x000000076b800000,0x000000076f780000)
  from space 10752K, 83% used [0x000000076f780000,0x000000077003ed60,0x0000000770200000)
  to   space 10752K, 0% used [0x0000000770200000,0x0000000770200000,0x0000000770c80000)
 ParOldGen       total 173568K, used 24K [0x00000006c2800000, 0x00000006cd180000, 0x000000076b800000)
  object space 173568K, 0% used [0x00000006c2800000,0x00000006c2806000,0x00000006cd180000)
 Metaspace       used 12748K, capacity 12984K, committed 13184K, reserved 1060864K
  class space    used 1500K, capacity 1578K, committed 1664K, reserved 1048576K
}
Event: 1301.366 GC heap before
{Heap before GC invocations=2 (full 0):
 PSYoungGen      total 75776K, used 73979K [0x000000076b800000, 0x0000000770c80000, 0x00000007c0000000)
  eden space 65024K, 100% used [0x000000076b800000,0x000000076f780000,0x000000076f780000)
  from space 10752K, 83% used [0x000000076f780000,0x000000077003ed60,0x0000000770200000)
  to   space 10752K, 0% used [0x0000000770200000,0x0000000770200000,0x0000000770c80000)
 ParOldGen       total 173568K, used 24K [0x00000006c2800000, 0x00000006cd180000, 0x000000076b800000)
  object space 173568K, 0% used [0x00000006c2800000,0x00000006c2806000,0x00000006cd180000)
 Metaspace       used 13067K, capacity 13206K, committed 13440K, reserved 1060864K
  class space    used 1514K, capacity 1583K, committed 1664K, reserved 1048576K
Event: 1301.372 GC heap after
Heap after GC invocations=2 (full 0):
 PSYoungGen      total 75776K, used 6962K [0x000000076b800000, 0x0000000770c80000, 0x00000007c0000000)
  eden space 65024K, 0% used [0x000000076b800000,0x000000076b800000,0x000000076f780000)
  from space 10752K, 64% used [0x0000000770200000,0x00000007708ccab0,0x0000000770c80000)
  to   space 10752K, 0% used [0x000000076f780000,0x000000076f780000,0x0000000770200000)
 ParOldGen       total 173568K, used 32K [0x00000006c2800000, 0x00000006cd180000, 0x000000076b800000)
  object space 173568K, 0% used [0x00000006c2800000,0x00000006c2808000,0x00000006cd180000)
 Metaspace       used 13067K, capacity 13206K, committed 13440K, reserved 1060864K
  class space    used 1514K, capacity 1583K, committed 1664K, reserved 1048576K
}

