# JRE version: Java(TM) SE Runtime Environment (8.0_91-b14) (build 1.8.0_91-b14)
# Java VM: Java HotSpot(TM) 64-Bit Server VM (25.91-b14 mixed mode windows-amd64 compressed oops)
Heap:
 PSYoungGen      total 75776K, used 68757K [0x000000076b800000, 0x0000000770c80000, 0x00000007c0000000)
  eden space 65024K, 89% used [0x000000076b800000,0x000000076f0a88e0,0x000000076f780000)
  from space 10752K, 99% used [0x0000000770200000,0x0000000770c7cc80,0x0000000770c80000)
  to   space 10752K, 0% used [0x000000076f780000,0x000000076f780000,0x0000000770200000)
 ParOldGen       total 173568K, used 17954K [0x00000006c2800000, 0x00000006cd180000, 0x000000076b800000)
  object space 173568K, 10% used [0x00000006c2800000,0x00000006c39888a0,0x00000006cd180000)
 Metaspace       used 14372K, capacity 14716K, committed 14848K, reserved 1062912K
  class space    used 1584K, capacity 1707K, committed 1792K, reserved 1048576K
GC Heap History (8 events):
Event: 3.593 GC heap before
{Heap before GC invocations=1 (full 0):
 PSYoungGen      total 75776K, used 65024K [0x000000076b800000, 0x0000000770c80000, 0x00000007c0000000)
  eden space 65024K, 100% used [0x000000076b800000,0x000000076f780000,0x000000076f780000)
  from space 10752K, 0% used [0x0000000770200000,0x0000000770200000,0x0000000770c80000)
  to   space 10752K, 0% used [0x000000076f780000,0x000000076f780000,0x0000000770200000)
 ParOldGen       total 173568K, used 0K [0x00000006c2800000, 0x00000006cd180000, 0x000000076b800000)
  object space 173568K, 0% used [0x00000006c2800000,0x00000006c2800000,0x00000006cd180000)
 Metaspace       used 13216K, capacity 13470K, committed 13696K, reserved 1060864K
  class space    used 1562K, capacity 1649K, committed 1664K, reserved 1048576K
Event: 3.599 GC heap after
Heap after GC invocations=1 (full 0):
 PSYoungGen      total 75776K, used 9611K [0x000000076b800000, 0x0000000770c80000, 0x00000007c0000000)
  eden space 65024K, 0% used [0x000000076b800000,0x000000076b800000,0x000000076f780000)
  from space 10752K, 89% used [0x000000076f780000,0x00000007700e2d60,0x0000000770200000)
  to   space 10752K, 0% used [0x0000000770200000,0x0000000770200000,0x0000000770c80000)
 ParOldGen       total 173568K, used 24K [0x00000006c2800000, 0x00000006cd180000, 0x000000076b800000)
  object space 173568K, 0% used [0x00000006c2800000,0x00000006c2806000,0x00000006cd180000)
 Metaspace       used 13216K, capacity 13470K, committed 13696K, reserved 1060864K
  class space    used 1562K, capacity 1649K, committed 1664K, reserved 1048576K
}
Event: 216.582 GC heap before
{Heap before GC invocations=2 (full 0):
 PSYoungGen      total 75776K, used 74635K [0x000000076b800000, 0x0000000770c80000, 0x00000007c0000000)
  eden space 65024K, 100% used [0x000000076b800000,0x000000076f780000,0x000000076f780000)
  from space 10752K, 89% used [0x000000076f780000,0x00000007700e2d60,0x0000000770200000)
  to   space 10752K, 0% used [0x0000000770200000,0x0000000770200000,0x0000000770c80000)
 ParOldGen       total 173568K, used 24K [0x00000006c2800000, 0x00000006cd180000, 0x000000076b800000)
  object space 173568K, 0% used [0x00000006c2800000,0x00000006c2806000,0x00000006cd180000)
 Metaspace       used 13557K, capacity 13828K, committed 14080K, reserved 1060864K
  class space    used 1565K, capacity 1683K, committed 1792K, reserved 1048576K
Event: 216.587 GC heap after
Heap after GC invocations=2 (full 0):
 PSYoungGen      total 75776K, used 10739K [0x000000076b800000, 0x0000000770c80000, 0x00000007c0000000)
  eden space 65024K, 0% used [0x000000076b800000,0x000000076b800000,0x000000076f780000)
  from space 10752K, 99% used [0x0000000770200000,0x0000000770c7cd30,0x0000000770c80000)
  to   space 10752K, 0% used [0x000000076f780000,0x000000076f780000,0x0000000770200000)
 ParOldGen       total 173568K, used 2564K [0x00000006c2800000, 0x00000006cd180000, 0x000000076b800000)
  object space 173568K, 1% used [0x00000006c2800000,0x00000006c2a81050,0x00000006cd180000)
 Metaspace       used 13557K, capacity 13828K, committed 14080K, reserved 1060864K
  class space    used 1565K, capacity 1683K, committed 1792K, reserved 1048576K
}
Event: 1116.147 GC heap before
{Heap before GC invocations=3 (full 0):
 PSYoungGen      total 75776K, used 75763K [0x000000076b800000, 0x0000000770c80000, 0x00000007c0000000)
  eden space 65024K, 100% used [0x000000076b800000,0x000000076f780000,0x000000076f780000)
  from space 10752K, 99% used [0x0000000770200000,0x0000000770c7cd30,0x0000000770c80000)
  to   space 10752K, 0% used [0x000000076f780000,0x000000076f780000,0x0000000770200000)
 ParOldGen       total 173568K, used 2564K [0x00000006c2800000, 0x00000006cd180000, 0x000000076b800000)
  object space 173568K, 1% used [0x00000006c2800000,0x00000006c2a81050,0x00000006cd180000)
 Metaspace       used 13825K, capacity 14128K, committed 14336K, reserved 1062912K
  class space    used 1572K, capacity 1693K, committed 1792K, reserved 1048576K
Event: 1116.153 GC heap after
Heap after GC invocations=3 (full 0):
 PSYoungGen      total 75776K, used 10739K [0x000000076b800000, 0x0000000770c80000, 0x00000007c0000000)
  eden space 65024K, 0% used [0x000000076b800000,0x000000076b800000,0x000000076f780000)
  from space 10752K, 99% used [0x000000076f780000,0x00000007701fcdf0,0x0000000770200000)
  to   space 10752K, 0% used [0x0000000770200000,0x0000000770200000,0x0000000770c80000)
 ParOldGen       total 173568K, used 5817K [0x00000006c2800000, 0x00000006cd180000, 0x000000076b800000)
  object space 173568K, 3% used [0x00000006c2800000,0x00000006c2dae7f0,0x00000006cd180000)
 Metaspace       used 13825K, capacity 14128K, committed 14336K, reserved 1062912K
  class space    used 1572K, capacity 1693K, committed 1792K, reserved 1048576K
}
Event: 1433.621 GC heap before
{Heap before GC invocations=4 (full 0):
 PSYoungGen      total 75776K, used 75763K [0x000000076b800000, 0x0000000770c80000, 0x00000007c0000000)
  eden space 65024K, 100% used [0x000000076b800000,0x000000076f780000,0x000000076f780000)
  from space 10752K, 99% used [0x000000076f780000,0x00000007701fcdf0,0x0000000770200000)
  to   space 10752K, 0% used [0x0000000770200000,0x0000000770200000,0x0000000770c80000)
 ParOldGen       total 173568K, used 5817K [0x00000006c2800000, 0x00000006cd180000, 0x000000076b800000)
  object space 173568K, 3% used [0x00000006c2800000,0x00000006c2dae7f0,0x00000006cd180000)
 Metaspace       used 14120K, capacity 14402K, committed 14592K, reserved 1062912K
  class space    used 1575K, capacity 1696K, committed 1792K, reserved 1048576K
Event: 1433.628 GC heap after
Heap after GC invocations=4 (full 0):
 PSYoungGen      total 75776K, used 10739K [0x000000076b800000, 0x0000000770c80000, 0x00000007c0000000)
  eden space 65024K, 0% used [0x000000076b800000,0x000000076b800000,0x000000076f780000)
  from space 10752K, 99% used [0x0000000770200000,0x0000000770c7cc80,0x0000000770c80000)
  to   space 10752K, 0% used [0x000000076f780000,0x000000076f780000,0x0000000770200000)
 ParOldGen       total 173568K, used 17954K [0x00000006c2800000, 0x00000006cd180000, 0x000000076b800000)
  object space 173568K, 10% used [0x00000006c2800000,0x00000006c39888a0,0x00000006cd180000)
 Metaspace       used 14120K, capacity 14402K, committed 14592K, reserved 1062912K
  class space    used 1575K, capacity 1696K, committed 1792K, reserved 1048576K
}

