# JRE version: Java(TM) SE Runtime Environment (8.0_91-b14) (build 1.8.0_91-b14)
# Java VM: Java HotSpot(TM) 64-Bit Server VM (25.91-b14 mixed mode windows-amd64 compressed oops)
Heap:
 PSYoungGen      total 74240K, used 29934K [0x000000076b800000, 0x0000000770d00000, 0x00000007c0000000)
  eden space 63488K, 30% used [0x000000076b800000,0x000000076cabebc8,0x000000076f600000)
  from space 10752K, 99% used [0x000000076f780000,0x00000007701fd010,0x0000000770200000)
  to   space 11264K, 0% used [0x0000000770200000,0x0000000770200000,0x0000000770d00000)
 ParOldGen       total 173568K, used 388K [0x00000006c2800000, 0x00000006cd180000, 0x000000076b800000)
  object space 173568K, 0% used [0x00000006c2800000,0x00000006c2861010,0x00000006cd180000)
 Metaspace       used 14720K, capacity 15102K, committed 15360K, reserved 1062912K
  class space    used 1606K, capacity 1739K, committed 1792K, reserved 1048576K
GC Heap History (10 events):
Event: 86.706 GC heap before
{Heap before GC invocations=1 (full 0):
 PSYoungGen      total 75776K, used 65024K [0x000000076b800000, 0x0000000770c80000, 0x00000007c0000000)
  eden space 65024K, 100% used [0x000000076b800000,0x000000076f780000,0x000000076f780000)
  from space 10752K, 0% used [0x0000000770200000,0x0000000770200000,0x0000000770c80000)
  to   space 10752K, 0% used [0x000000076f780000,0x000000076f780000,0x0000000770200000)
 ParOldGen       total 173568K, used 0K [0x00000006c2800000, 0x00000006cd180000, 0x000000076b800000)
  object space 173568K, 0% used [0x00000006c2800000,0x00000006c2800000,0x00000006cd180000)
 Metaspace       used 13244K, capacity 13470K, committed 13696K, reserved 1060864K
  class space    used 1563K, capacity 1649K, committed 1664K, reserved 1048576K
Event: 86.712 GC heap after
Heap after GC invocations=1 (full 0):
 PSYoungGen      total 75776K, used 9539K [0x000000076b800000, 0x0000000770c80000, 0x00000007c0000000)
  eden space 65024K, 0% used [0x000000076b800000,0x000000076b800000,0x000000076f780000)
  from space 10752K, 88% used [0x000000076f780000,0x00000007700d0e28,0x0000000770200000)
  to   space 10752K, 0% used [0x0000000770200000,0x0000000770200000,0x0000000770c80000)
 ParOldGen       total 173568K, used 24K [0x00000006c2800000, 0x00000006cd180000, 0x000000076b800000)
  object space 173568K, 0% used [0x00000006c2800000,0x00000006c2806000,0x00000006cd180000)
 Metaspace       used 13244K, capacity 13470K, committed 13696K, reserved 1060864K
  class space    used 1563K, capacity 1649K, committed 1664K, reserved 1048576K
}
Event: 1188.600 GC heap before
{Heap before GC invocations=2 (full 0):
 PSYoungGen      total 75776K, used 74563K [0x000000076b800000, 0x0000000770c80000, 0x00000007c0000000)
  eden space 65024K, 100% used [0x000000076b800000,0x000000076f780000,0x000000076f780000)
  from space 10752K, 88% used [0x000000076f780000,0x00000007700d0e28,0x0000000770200000)
  to   space 10752K, 0% used [0x0000000770200000,0x0000000770200000,0x0000000770c80000)
 ParOldGen       total 173568K, used 24K [0x00000006c2800000, 0x00000006cd180000, 0x000000076b800000)
  object space 173568K, 0% used [0x00000006c2800000,0x00000006c2806000,0x00000006cd180000)
 Metaspace       used 13677K, capacity 13936K, committed 13952K, reserved 1060864K
  class space    used 1572K, capacity 1664K, committed 1664K, reserved 1048576K
Event: 1188.604 GC heap after
Heap after GC invocations=2 (full 0):
 PSYoungGen      total 75776K, used 7298K [0x000000076b800000, 0x0000000770c80000, 0x00000007c0000000)
  eden space 65024K, 0% used [0x000000076b800000,0x000000076b800000,0x000000076f780000)
  from space 10752K, 67% used [0x0000000770200000,0x0000000770920a80,0x0000000770c80000)
  to   space 10752K, 0% used [0x000000076f780000,0x000000076f780000,0x0000000770200000)
 ParOldGen       total 173568K, used 32K [0x00000006c2800000, 0x00000006cd180000, 0x000000076b800000)
  object space 173568K, 0% used [0x00000006c2800000,0x00000006c2808000,0x00000006cd180000)
 Metaspace       used 13677K, capacity 13936K, committed 13952K, reserved 1060864K
  class space    used 1572K, capacity 1664K, committed 1664K, reserved 1048576K
}
Event: 1730.853 GC heap before
{Heap before GC invocations=3 (full 0):
 PSYoungGen      total 75776K, used 72322K [0x000000076b800000, 0x0000000770c80000, 0x00000007c0000000)
  eden space 65024K, 100% used [0x000000076b800000,0x000000076f780000,0x000000076f780000)
  from space 10752K, 67% used [0x0000000770200000,0x0000000770920a80,0x0000000770c80000)
  to   space 10752K, 0% used [0x000000076f780000,0x000000076f780000,0x0000000770200000)
 ParOldGen       total 173568K, used 32K [0x00000006c2800000, 0x00000006cd180000, 0x000000076b800000)
  object space 173568K, 0% used [0x00000006c2800000,0x00000006c2808000,0x00000006cd180000)
 Metaspace       used 13921K, capacity 14258K, committed 14592K, reserved 1062912K
  class space    used 1580K, capacity 1703K, committed 1792K, reserved 1048576K
Event: 1730.859 GC heap after
Heap after GC invocations=3 (full 0):
 PSYoungGen      total 75776K, used 8419K [0x000000076b800000, 0x0000000770c80000, 0x00000007c0000000)
  eden space 65024K, 0% used [0x000000076b800000,0x000000076b800000,0x000000076f780000)
  from space 10752K, 78% used [0x000000076f780000,0x000000076ffb8c20,0x0000000770200000)
  to   space 10752K, 0% used [0x0000000770200000,0x0000000770200000,0x0000000770c80000)
 ParOldGen       total 173568K, used 40K [0x00000006c2800000, 0x00000006cd180000, 0x000000076b800000)
  object space 173568K, 0% used [0x00000006c2800000,0x00000006c280a000,0x00000006cd180000)
 Metaspace       used 13921K, capacity 14258K, committed 14592K, reserved 1062912K
  class space    used 1580K, capacity 1703K, committed 1792K, reserved 1048576K
}
Event: 1962.385 GC heap before
{Heap before GC invocations=4 (full 0):
 PSYoungGen      total 75776K, used 73443K [0x000000076b800000, 0x0000000770c80000, 0x00000007c0000000)
  eden space 65024K, 100% used [0x000000076b800000,0x000000076f780000,0x000000076f780000)
  from space 10752K, 78% used [0x000000076f780000,0x000000076ffb8c20,0x0000000770200000)
  to   space 10752K, 0% used [0x0000000770200000,0x0000000770200000,0x0000000770c80000)
 ParOldGen       total 173568K, used 40K [0x00000006c2800000, 0x00000006cd180000, 0x000000076b800000)
  object space 173568K, 0% used [0x00000006c2800000,0x00000006c280a000,0x00000006cd180000)
 Metaspace       used 14354K, capacity 14704K, committed 14848K, reserved 1062912K
  class space    used 1592K, capacity 1718K, committed 1792K, reserved 1048576K
Event: 1962.391 GC heap after
Heap after GC invocations=4 (full 0):
 PSYoungGen      total 75776K, used 10003K [0x000000076b800000, 0x0000000770c80000, 0x00000007c0000000)
  eden space 65024K, 0% used [0x000000076b800000,0x000000076b800000,0x000000076f780000)
  from space 10752K, 93% used [0x0000000770200000,0x0000000770bc4e30,0x0000000770c80000)
  to   space 10752K, 0% used [0x000000076f780000,0x000000076f780000,0x0000000770200000)
 ParOldGen       total 173568K, used 48K [0x00000006c2800000, 0x00000006cd180000, 0x000000076b800000)
  object space 173568K, 0% used [0x00000006c2800000,0x00000006c280c000,0x00000006cd180000)
 Metaspace       used 14354K, capacity 14704K, committed 14848K, reserved 1062912K
  class space    used 1592K, capacity 1718K, committed 1792K, reserved 1048576K
}
Event: 2615.572 GC heap before
{Heap before GC invocations=5 (full 0):
 PSYoungGen      total 75776K, used 75027K [0x000000076b800000, 0x0000000770c80000, 0x00000007c0000000)
  eden space 65024K, 100% used [0x000000076b800000,0x000000076f780000,0x000000076f780000)
  from space 10752K, 93% used [0x0000000770200000,0x0000000770bc4e30,0x0000000770c80000)
  to   space 10752K, 0% used [0x000000076f780000,0x000000076f780000,0x0000000770200000)
 ParOldGen       total 173568K, used 48K [0x00000006c2800000, 0x00000006cd180000, 0x000000076b800000)
  object space 173568K, 0% used [0x00000006c2800000,0x00000006c280c000,0x00000006cd180000)
 Metaspace       used 14623K, capacity 15012K, committed 15104K, reserved 1062912K
  class space    used 1602K, capacity 1732K, committed 1792K, reserved 1048576K
Event: 2615.577 GC heap after
Heap after GC invocations=5 (full 0):
 PSYoungGen      total 74240K, used 10740K [0x000000076b800000, 0x0000000770d00000, 0x00000007c0000000)
  eden space 63488K, 0% used [0x000000076b800000,0x000000076b800000,0x000000076f600000)
  from space 10752K, 99% used [0x000000076f780000,0x00000007701fd010,0x0000000770200000)
  to   space 11264K, 0% used [0x0000000770200000,0x0000000770200000,0x0000000770d00000)
 ParOldGen       total 173568K, used 388K [0x00000006c2800000, 0x00000006cd180000, 0x000000076b800000)
  object space 173568K, 0% used [0x00000006c2800000,0x00000006c2861010,0x00000006cd180000)
 Metaspace       used 14623K, capacity 15012K, committed 15104K, reserved 1062912K
  class space    used 1602K, capacity 1732K, committed 1792K, reserved 1048576K
}

